RimWorld by Ludeon Studios by Ludeon Studios [version: Unity 2019.2.17f1_8e603399ca02]

RimWorldWin64.exe caused an Access Violation (0xc0000005)
  in module RimWorldWin64.exe at 0033:00000019.

Error occurred at 2021-07-05_172650.
D:\SteamLibrary\steamapps\common\RimWorld\RimWorldWin64.exe, run by rjqui.

48% physical memory in use.
32717 MB physical memory [16716 MB free].
7812 MB process peak paging file [5779 MB used].
5786 MB process peak working set [3816 MB used].
System Commit Total/Limit/Peak: 23470MB/54221MB/31182MB
System Physical Total/Available: 32717MB/16716MB
System Process Count: 286
System Thread Count: 3776
System Handle Count: 124705
Disk space data for 'C:\Users\rjqui\AppData\Local\Temp\Ludeon Studios\RimWorld by Ludeon Studios\Crashes\Crash_2021-07-05_222637998\': 794377248768 bytes free of 999559262208 total.

Write to location 0000253400000019 caused an access violation.

Context:
RDI:    0x000001e12cc0ae10  RSI: 0x000001e12cc0ae60  RAX:   0x000001e01c20eb00
RBX:    0x0000000000000000  RCX: 0x000001e147c07400  RDX:   0x000001e12cc0ad20
RIP:    0x0000253400000019  RBP: 0x0000000337ced280  SegCs: 0x000001e100000033
EFlags: 0x0000000000010206  RSP: 0x0000000337ced218  SegSs: 0x000001e10000002b
R8:     0x0000000000000001  R9:  0x00007ffa48a8d798  R10:   0x00007ffa485f0000
R11:    0x00007ffa486aea80  R12: 0x000001e12cc0ae10  R13:   0x000001e147c07400
R14:    0x0000000000000000  R15: 0x0000000000000000


Bytes at CS:EIP:
?? ?? ?? ?? ?? ?? ?? ?? ?? ?? ?? ?? ?? ?? ?? ?? 

Mono DLL loaded successfully at 'D:\SteamLibrary\steamapps\common\RimWorld\MonoBleedingEdge\EmbedRuntime\mono-2.0-bdwgc.dll'.


Stack Trace of Crashed Thread 9636:
ERROR: SymGetSymFromAddr64, GetLastError: 'The specified module could not be found.' (Address: 0000253400000019)
ERROR: SymGetModuleInfo64, GetLastError: 'A dynamic link library (DLL) initialization routine failed.' (Address: 0000253400000019)
0x0000253400000019 ((<unknown>)) (function-name not available)
0x000001E010FA5BE9 (mscorlib) System.String.Concat()
0x000001E05C51D93B (Assembly-CSharp) RimWorld.JobGiver_Work.RimWorld.JobGiver_Work.TryIssueJobPackage_Patch1()
0x000001E15F199B0D (Assembly-CSharp) Verse.AI.ThinkNode_PrioritySorter.TryIssueJobPackage()
0x000001E15F180EC5 (Assembly-CSharp) Verse.AI.ThinkNode_Priority.TryIssueJobPackage()
0x000001E15F181DC3 (Assembly-CSharp) Verse.AI.ThinkNode_Tagger.TryIssueJobPackage()
0x000001E15F181C4A (Assembly-CSharp) Verse.AI.ThinkNode_Subtree.TryIssueJobPackage()
0x000001E15F180EC5 (Assembly-CSharp) Verse.AI.ThinkNode_Priority.TryIssueJobPackage()
0x000001E15F18143B (Assembly-CSharp) Verse.AI.ThinkNode_Conditional.TryIssueJobPackage()
0x000001E15F180EC5 (Assembly-CSharp) Verse.AI.ThinkNode_Priority.TryIssueJobPackage()
0x000001E05C578CC7 (Assembly-CSharp) Verse.AI.Pawn_JobTracker.Verse.AI.Pawn_JobTracker.DetermineNextJob_Patch1()
0x000001E15F1807A3 (Assembly-CSharp) Verse.AI.Pawn_JobTracker.TryFindAndStartJob()
0x000001E02523E91B (Assembly-CSharp) Verse.AI.Pawn_JobTracker.Verse.AI.Pawn_JobTracker.EndCurrentJob_Patch1()
0x000001E15F180393 (Assembly-CSharp) Verse.AI.Pawn_JobTracker.JobTrackerTick()
0x000001E025399097 (Assembly-CSharp) Verse.Pawn.Verse.Pawn.Tick_Patch2()
0x000001E01DF141F0 (Assembly-CSharp) Verse.TickList.Verse.TickList.Tick_Patch2()
0x000001E15F1734B3 (Assembly-CSharp) Verse.TickManager.DoSingleTick()
0x000001E15A165D23 (Assembly-CSharp) Verse.TickManager.TickManagerUpdate()
0x000001E15A1659CB (Assembly-CSharp) Verse.Game.UpdatePlay()
0x000001E08FE51873 (Assembly-CSharp) Verse.Root_Play.Update()
0x000001E00323DB30 (mscorlib) System.Object.runtime_invoke_void__this__()
0x00007FFA4871BFB0 (mono-2.0-bdwgc) mono_get_runtime_build_info
0x00007FFA486A2142 (mono-2.0-bdwgc) mono_perfcounters_init
0x00007FFA486AB13F (mono-2.0-bdwgc) mono_runtime_invoke
0x00007FFA495EF1BD (UnityPlayer) PAL_Thread_YieldExecution
0x00007FFA495EC73A (UnityPlayer) PAL_Thread_YieldExecution
0x00007FFA495D0569 (UnityPlayer) PAL_Thread_YieldExecution
0x00007FFA495D061D (UnityPlayer) PAL_Thread_YieldExecution
0x00007FFA4938B050 (UnityPlayer) UnityMain
0x00007FFA494C9277 (UnityPlayer) UnityMain
0x00007FFA494C9319 (UnityPlayer) UnityMain
0x00007FFA494CB312 (UnityPlayer) UnityMain
0x00007FFA492939E5 (UnityPlayer) PAL_Thread_SupportsThreads
0x00007FFA4929245A (UnityPlayer) PAL_Thread_SupportsThreads
0x00007FFA49296491 (UnityPlayer) PAL_Thread_SupportsThreads
0x00007FFA49299DDB (UnityPlayer) UnityMain
ERROR: SymGetSymFromAddr64, GetLastError: 'Attempt to access invalid address.' (Address: 00007FF6C94311F2)
0x00007FF6C94311F2 (RimWorldWin64) (function-name not available)
0x00007FFA910A7034 (KERNEL32) BaseThreadInitThunk
0x00007FFA91C02651 (ntdll) RtlUserThreadStart

Stacks for Running Threads:

Call Stack for Thread 18820:
0x00007FFA91C4CEA4 (ntdll) NtWaitForSingleObject
0x00007FFA8F91168E (KERNELBASE) WaitForSingleObjectEx
0x00007FFA48615EAF (mono-2.0-bdwgc) mono_conc_hashtable_remove
0x00007FFA4870381D (mono-2.0-bdwgc) mono_gc_reference_queue_new
0x00007FFA487025F5 (mono-2.0-bdwgc) mono_callspec_parse
0x00007FFA486C5AA8 (mono-2.0-bdwgc) mono_threads_set_shutting_down
0x00007FFA486C5836 (mono-2.0-bdwgc) mono_threads_set_shutting_down
0x00007FFA910A7034 (KERNEL32) BaseThreadInitThunk
0x00007FFA91C02651 (ntdll) RtlUserThreadStart


Call Stack for Thread 18108:
0x00007FFA91C4CEA4 (ntdll) NtWaitForSingleObject
0x00007FFA8F91168E (KERNELBASE) WaitForSingleObjectEx
0x00007FFA49484475 (UnityPlayer) UnityMain
0x00007FFA49485420 (UnityPlayer) UnityMain
0x00007FFA4955D5C8 (UnityPlayer) UnityMain
0x00007FFA910A7034 (KERNEL32) BaseThreadInitThunk
0x00007FFA91C02651 (ntdll) RtlUserThreadStart


Call Stack for Thread 11368:
0x00007FFA91C4CEA4 (ntdll) NtWaitForSingleObject
0x00007FFA8F91168E (KERNELBASE) WaitForSingleObjectEx
0x00007FFA49484475 (UnityPlayer) UnityMain
0x00007FFA49485420 (UnityPlayer) UnityMain
0x00007FFA4955D5C8 (UnityPlayer) UnityMain
0x00007FFA910A7034 (KERNEL32) BaseThreadInitThunk
0x00007FFA91C02651 (ntdll) RtlUserThreadStart


Call Stack for Thread 20012:
0x00007FFA91C4CEA4 (ntdll) NtWaitForSingleObject
0x00007FFA8F91168E (KERNELBASE) WaitForSingleObjectEx
0x00007FFA49484475 (UnityPlayer) UnityMain
0x00007FFA49485420 (UnityPlayer) UnityMain
0x00007FFA4955D5C8 (UnityPlayer) UnityMain
0x00007FFA910A7034 (KERNEL32) BaseThreadInitThunk
0x00007FFA91C02651 (ntdll) RtlUserThreadStart


Call Stack for Thread 10892:
0x00007FFA91C4CEA4 (ntdll) NtWaitForSingleObject
0x00007FFA8F91168E (KERNELBASE) WaitForSingleObjectEx
0x00007FFA49484475 (UnityPlayer) UnityMain
0x00007FFA49485420 (UnityPlayer) UnityMain
0x00007FFA4955D5C8 (UnityPlayer) UnityMain
0x00007FFA910A7034 (KERNEL32) BaseThreadInitThunk
0x00007FFA91C02651 (ntdll) RtlUserThreadStart


Call Stack for Thread 18944:
0x00007FFA91C4CEA4 (ntdll) NtWaitForSingleObject
0x00007FFA8F91168E (KERNELBASE) WaitForSingleObjectEx
0x00007FFA49484475 (UnityPlayer) UnityMain
0x00007FFA49485420 (UnityPlayer) UnityMain
0x00007FFA4955D5C8 (UnityPlayer) UnityMain
0x00007FFA910A7034 (KERNEL32) BaseThreadInitThunk
0x00007FFA91C02651 (ntdll) RtlUserThreadStart


Call Stack for Thread 15668:
0x00007FFA91C4CEA4 (ntdll) NtWaitForSingleObject
0x00007FFA8F91168E (KERNELBASE) WaitForSingleObjectEx
0x00007FFA49484475 (UnityPlayer) UnityMain
0x00007FFA49485420 (UnityPlayer) UnityMain
0x00007FFA4955D5C8 (UnityPlayer) UnityMain
0x00007FFA910A7034 (KERNEL32) BaseThreadInitThunk
0x00007FFA91C02651 (ntdll) RtlUserThreadStart


Call Stack for Thread 20444:
0x00007FFA91C4CEA4 (ntdll) NtWaitForSingleObject
0x00007FFA8F91168E (KERNELBASE) WaitForSingleObjectEx
0x00007FFA49484475 (UnityPlayer) UnityMain
0x00007FFA49485420 (UnityPlayer) UnityMain
0x00007FFA4955D5C8 (UnityPlayer) UnityMain
0x00007FFA910A7034 (KERNEL32) BaseThreadInitThunk
0x00007FFA91C02651 (ntdll) RtlUserThreadStart


Call Stack for Thread 18188:
0x00007FFA91C4CEA4 (ntdll) NtWaitForSingleObject
0x00007FFA8F91168E (KERNELBASE) WaitForSingleObjectEx
0x00007FFA49484475 (UnityPlayer) UnityMain
0x00007FFA49485420 (UnityPlayer) UnityMain
0x00007FFA4955D5C8 (UnityPlayer) UnityMain
0x00007FFA910A7034 (KERNEL32) BaseThreadInitThunk
0x00007FFA91C02651 (ntdll) RtlUserThreadStart


Call Stack for Thread 15688:
0x00007FFA91C4CEA4 (ntdll) NtWaitForSingleObject
0x00007FFA8F91168E (KERNELBASE) WaitForSingleObjectEx
0x00007FFA49484475 (UnityPlayer) UnityMain
0x00007FFA49485420 (UnityPlayer) UnityMain
0x00007FFA4955D5C8 (UnityPlayer) UnityMain
0x00007FFA910A7034 (KERNEL32) BaseThreadInitThunk
0x00007FFA91C02651 (ntdll) RtlUserThreadStart


Call Stack for Thread 17684:
0x00007FFA91C4CEA4 (ntdll) NtWaitForSingleObject
0x00007FFA8F91168E (KERNELBASE) WaitForSingleObjectEx
0x00007FFA49484475 (UnityPlayer) UnityMain
0x00007FFA49485420 (UnityPlayer) UnityMain
0x00007FFA4955D5C8 (UnityPlayer) UnityMain
0x00007FFA910A7034 (KERNEL32) BaseThreadInitThunk
0x00007FFA91C02651 (ntdll) RtlUserThreadStart


Call Stack for Thread 20136:
0x00007FFA91C4CEA4 (ntdll) NtWaitForSingleObject
0x00007FFA8F91168E (KERNELBASE) WaitForSingleObjectEx
0x00007FFA49484475 (UnityPlayer) UnityMain
0x00007FFA49485420 (UnityPlayer) UnityMain
0x00007FFA4955D5C8 (UnityPlayer) UnityMain
0x00007FFA910A7034 (KERNEL32) BaseThreadInitThunk
0x00007FFA91C02651 (ntdll) RtlUserThreadStart


Call Stack for Thread 20820:
0x00007FFA91C4CEA4 (ntdll) NtWaitForSingleObject
0x00007FFA8F91168E (KERNELBASE) WaitForSingleObjectEx
0x00007FFA49484475 (UnityPlayer) UnityMain
0x00007FFA49485420 (UnityPlayer) UnityMain
0x00007FFA4955D5C8 (UnityPlayer) UnityMain
0x00007FFA910A7034 (KERNEL32) BaseThreadInitThunk
0x00007FFA91C02651 (ntdll) RtlUserThreadStart


Call Stack for Thread 17848:
0x00007FFA91C4CEA4 (ntdll) NtWaitForSingleObject
0x00007FFA8F91168E (KERNELBASE) WaitForSingleObjectEx
0x00007FFA49484475 (UnityPlayer) UnityMain
0x00007FFA49485420 (UnityPlayer) UnityMain
0x00007FFA4955D5C8 (UnityPlayer) UnityMain
0x00007FFA910A7034 (KERNEL32) BaseThreadInitThunk
0x00007FFA91C02651 (ntdll) RtlUserThreadStart


Call Stack for Thread 8516:
0x00007FFA91C4CEA4 (ntdll) NtWaitForSingleObject
0x00007FFA8F91168E (KERNELBASE) WaitForSingleObjectEx
0x00007FFA49484475 (UnityPlayer) UnityMain
0x00007FFA49485420 (UnityPlayer) UnityMain
0x00007FFA4955D5C8 (UnityPlayer) UnityMain
0x00007FFA910A7034 (KERNEL32) BaseThreadInitThunk
0x00007FFA91C02651 (ntdll) RtlUserThreadStart


Call Stack for Thread 3084:
0x00007FFA91C4CEA4 (ntdll) NtWaitForSingleObject
0x00007FFA8F91168E (KERNELBASE) WaitForSingleObjectEx
0x00007FFA49484475 (UnityPlayer) UnityMain
0x00007FFA49485420 (UnityPlayer) UnityMain
0x00007FFA4955D5C8 (UnityPlayer) UnityMain
0x00007FFA910A7034 (KERNEL32) BaseThreadInitThunk
0x00007FFA91C02651 (ntdll) RtlUserThreadStart


Call Stack for Thread 13820:
0x00007FFA91C4CEA4 (ntdll) NtWaitForSingleObject
0x00007FFA8F91168E (KERNELBASE) WaitForSingleObjectEx
0x00007FFA49484475 (UnityPlayer) UnityMain
0x00007FFA49485420 (UnityPlayer) UnityMain
0x00007FFA4955D5C8 (UnityPlayer) UnityMain
0x00007FFA910A7034 (KERNEL32) BaseThreadInitThunk
0x00007FFA91C02651 (ntdll) RtlUserThreadStart


Call Stack for Thread 19460:
0x00007FFA91C4CEA4 (ntdll) NtWaitForSingleObject
0x00007FFA8F91168E (KERNELBASE) WaitForSingleObjectEx
0x00007FFA49484475 (UnityPlayer) UnityMain
0x00007FFA49485420 (UnityPlayer) UnityMain
0x00007FFA4955D5C8 (UnityPlayer) UnityMain
0x00007FFA910A7034 (KERNEL32) BaseThreadInitThunk
0x00007FFA91C02651 (ntdll) RtlUserThreadStart


Call Stack for Thread 17400:
0x00007FFA91C4CEA4 (ntdll) NtWaitForSingleObject
0x00007FFA8F91168E (KERNELBASE) WaitForSingleObjectEx
0x00007FFA49484475 (UnityPlayer) UnityMain
0x00007FFA49485420 (UnityPlayer) UnityMain
0x00007FFA4955D5C8 (UnityPlayer) UnityMain
0x00007FFA910A7034 (KERNEL32) BaseThreadInitThunk
0x00007FFA91C02651 (ntdll) RtlUserThreadStart


Call Stack for Thread 17668:
0x00007FFA91C4CEA4 (ntdll) NtWaitForSingleObject
0x00007FFA8F91168E (KERNELBASE) WaitForSingleObjectEx
0x00007FFA49484475 (UnityPlayer) UnityMain
0x00007FFA49485420 (UnityPlayer) UnityMain
0x00007FFA4955D5C8 (UnityPlayer) UnityMain
0x00007FFA910A7034 (KERNEL32) BaseThreadInitThunk
0x00007FFA91C02651 (ntdll) RtlUserThreadStart


Call Stack for Thread 19768:
0x00007FFA91C4CEA4 (ntdll) NtWaitForSingleObject
0x00007FFA8F91168E (KERNELBASE) WaitForSingleObjectEx
0x00007FFA49484475 (UnityPlayer) UnityMain
0x00007FFA49485420 (UnityPlayer) UnityMain
0x00007FFA4955D5C8 (UnityPlayer) UnityMain
0x00007FFA910A7034 (KERNEL32) BaseThreadInitThunk
0x00007FFA91C02651 (ntdll) RtlUserThreadStart


Call Stack for Thread 18056:
0x00007FFA91C4CEA4 (ntdll) NtWaitForSingleObject
0x00007FFA8F91168E (KERNELBASE) WaitForSingleObjectEx
0x00007FFA49484475 (UnityPlayer) UnityMain
0x00007FFA49485420 (UnityPlayer) UnityMain
0x00007FFA4955D5C8 (UnityPlayer) UnityMain
0x00007FFA910A7034 (KERNEL32) BaseThreadInitThunk
0x00007FFA91C02651 (ntdll) RtlUserThreadStart


Call Stack for Thread 16152:
0x00007FFA91C4CEA4 (ntdll) NtWaitForSingleObject
0x00007FFA8F91168E (KERNELBASE) WaitForSingleObjectEx
0x00007FFA49484475 (UnityPlayer) UnityMain
0x00007FFA49485420 (UnityPlayer) UnityMain
0x00007FFA4955D5C8 (UnityPlayer) UnityMain
0x00007FFA910A7034 (KERNEL32) BaseThreadInitThunk
0x00007FFA91C02651 (ntdll) RtlUserThreadStart


Call Stack for Thread 6188:
0x00007FFA91C4CEA4 (ntdll) NtWaitForSingleObject
0x00007FFA8F91168E (KERNELBASE) WaitForSingleObjectEx
0x00007FFA49484475 (UnityPlayer) UnityMain
0x00007FFA49485420 (UnityPlayer) UnityMain
0x00007FFA4955D5C8 (UnityPlayer) UnityMain
0x00007FFA910A7034 (KERNEL32) BaseThreadInitThunk
0x00007FFA91C02651 (ntdll) RtlUserThreadStart


Call Stack for Thread 6536:
0x00007FFA91C4CEA4 (ntdll) NtWaitForSingleObject
0x00007FFA8F91168E (KERNELBASE) WaitForSingleObjectEx
0x00007FFA49484475 (UnityPlayer) UnityMain
0x00007FFA49485420 (UnityPlayer) UnityMain
0x00007FFA4955D5C8 (UnityPlayer) UnityMain
0x00007FFA910A7034 (KERNEL32) BaseThreadInitThunk
0x00007FFA91C02651 (ntdll) RtlUserThreadStart


Call Stack for Thread 5316:
0x00007FFA91C4CEA4 (ntdll) NtWaitForSingleObject
0x00007FFA8F91168E (KERNELBASE) WaitForSingleObjectEx
0x00007FFA49484475 (UnityPlayer) UnityMain
0x00007FFA49485420 (UnityPlayer) UnityMain
0x00007FFA4955D5C8 (UnityPlayer) UnityMain
0x00007FFA910A7034 (KERNEL32) BaseThreadInitThunk
0x00007FFA91C02651 (ntdll) RtlUserThreadStart


Call Stack for Thread 2204:
0x00007FFA91C4CEA4 (ntdll) NtWaitForSingleObject
0x00007FFA8F91168E (KERNELBASE) WaitForSingleObjectEx
0x00007FFA49484475 (UnityPlayer) UnityMain
0x00007FFA49485420 (UnityPlayer) UnityMain
0x00007FFA4955D5C8 (UnityPlayer) UnityMain
0x00007FFA910A7034 (KERNEL32) BaseThreadInitThunk
0x00007FFA91C02651 (ntdll) RtlUserThreadStart


Call Stack for Thread 16712:
0x00007FFA91C4CEA4 (ntdll) NtWaitForSingleObject
0x00007FFA8F91168E (KERNELBASE) WaitForSingleObjectEx
0x00007FFA49484475 (UnityPlayer) UnityMain
0x00007FFA49485420 (UnityPlayer) UnityMain
0x00007FFA4955D5C8 (UnityPlayer) UnityMain
0x00007FFA910A7034 (KERNEL32) BaseThreadInitThunk
0x00007FFA91C02651 (ntdll) RtlUserThreadStart


Call Stack for Thread 18648:
0x00007FFA91C4CEA4 (ntdll) NtWaitForSingleObject
0x00007FFA8F91168E (KERNELBASE) WaitForSingleObjectEx
0x00007FFA4955E624 (UnityPlayer) UnityMain
0x00007FFA494C84BC (UnityPlayer) UnityMain
0x00007FFA4955D5C8 (UnityPlayer) UnityMain
0x00007FFA910A7034 (KERNEL32) BaseThreadInitThunk
0x00007FFA91C02651 (ntdll) RtlUserThreadStart


Call Stack for Thread 16852:
0x00007FFA91C4CEA4 (ntdll) NtWaitForSingleObject
0x00007FFA8F91168E (KERNELBASE) WaitForSingleObjectEx
0x00007FFA4938ADC8 (UnityPlayer) UnityMain
0x00007FFA4955D5C8 (UnityPlayer) UnityMain
0x00007FFA910A7034 (KERNEL32) BaseThreadInitThunk
0x00007FFA91C02651 (ntdll) RtlUserThreadStart


Call Stack for Thread 13328:
0x00007FFA91C4CEA4 (ntdll) NtWaitForSingleObject
0x00007FFA8F91168E (KERNELBASE) WaitForSingleObjectEx
0x00007FFA54AC31F6 (nvwgf2umx) NVDEV_Thunk
0x00007FFA55750F3C (nvwgf2umx) OpenAdapter12
0x00007FFA910A7034 (KERNEL32) BaseThreadInitThunk
0x00007FFA91C02651 (ntdll) RtlUserThreadStart


Call Stack for Thread 1364:
0x00007FFA91C4CEA4 (ntdll) NtWaitForSingleObject
0x00007FFA8F91168E (KERNELBASE) WaitForSingleObjectEx
0x00007FFA54AC31F6 (nvwgf2umx) NVDEV_Thunk
0x00007FFA55750F3C (nvwgf2umx) OpenAdapter12
0x00007FFA910A7034 (KERNEL32) BaseThreadInitThunk
0x00007FFA91C02651 (ntdll) RtlUserThreadStart


Call Stack for Thread 14916:
0x00007FFA91C4CEA4 (ntdll) NtWaitForSingleObject
0x00007FFA8F91168E (KERNELBASE) WaitForSingleObjectEx
0x00007FFA54AC31F6 (nvwgf2umx) NVDEV_Thunk
0x00007FFA55750F3C (nvwgf2umx) OpenAdapter12
0x00007FFA910A7034 (KERNEL32) BaseThreadInitThunk
0x00007FFA91C02651 (ntdll) RtlUserThreadStart


Call Stack for Thread 6236:
0x00007FFA91C4CEA4 (ntdll) NtWaitForSingleObject
0x00007FFA8F91168E (KERNELBASE) WaitForSingleObjectEx
0x00007FFA54AC31F6 (nvwgf2umx) NVDEV_Thunk
0x00007FFA55750F3C (nvwgf2umx) OpenAdapter12
0x00007FFA910A7034 (KERNEL32) BaseThreadInitThunk
0x00007FFA91C02651 (ntdll) RtlUserThreadStart


Call Stack for Thread 5616:
0x00007FFA91C4CEA4 (ntdll) NtWaitForSingleObject
0x00007FFA8F91168E (KERNELBASE) WaitForSingleObjectEx
0x00007FFA54AC31F6 (nvwgf2umx) NVDEV_Thunk
0x00007FFA55750F3C (nvwgf2umx) OpenAdapter12
0x00007FFA910A7034 (KERNEL32) BaseThreadInitThunk
0x00007FFA91C02651 (ntdll) RtlUserThreadStart


Call Stack for Thread 20720:
0x00007FFA91C4CEA4 (ntdll) NtWaitForSingleObject
0x00007FFA8F91168E (KERNELBASE) WaitForSingleObjectEx
0x00007FFA54AC31F6 (nvwgf2umx) NVDEV_Thunk
0x00007FFA55750F3C (nvwgf2umx) OpenAdapter12
0x00007FFA910A7034 (KERNEL32) BaseThreadInitThunk
0x00007FFA91C02651 (ntdll) RtlUserThreadStart


Call Stack for Thread 6656:
0x00007FFA91C4CEA4 (ntdll) NtWaitForSingleObject
0x00007FFA8F91168E (KERNELBASE) WaitForSingleObjectEx
0x00007FFA55246E42 (nvwgf2umx) NVDEV_Thunk
0x00007FFA55245E19 (nvwgf2umx) NVDEV_Thunk
0x00007FFA5523CC7D (nvwgf2umx) NVDEV_Thunk
0x00007FFA54A3AB3A (nvwgf2umx) NVDEV_Thunk
0x00007FFA55750F3C (nvwgf2umx) OpenAdapter12
0x00007FFA910A7034 (KERNEL32) BaseThreadInitThunk
0x00007FFA91C02651 (ntdll) RtlUserThreadStart


Call Stack for Thread 13148:
0x00007FFA91C4CEA4 (ntdll) NtWaitForSingleObject
0x00007FFA8F91168E (KERNELBASE) WaitForSingleObjectEx
0x00007FFA54AC31F6 (nvwgf2umx) NVDEV_Thunk
0x00007FFA55750F3C (nvwgf2umx) OpenAdapter12
0x00007FFA910A7034 (KERNEL32) BaseThreadInitThunk
0x00007FFA91C02651 (ntdll) RtlUserThreadStart


Call Stack for Thread 10100:
0x00007FFA91C50874 (ntdll) ZwWaitForWorkViaWorkerFactory
0x00007FFA91C02DC7 (ntdll) TpReleaseCleanupGroupMembers
0x00007FFA910A7034 (KERNEL32) BaseThreadInitThunk
0x00007FFA91C02651 (ntdll) RtlUserThreadStart


Call Stack for Thread 16572:
0x00007FFA91C50874 (ntdll) ZwWaitForWorkViaWorkerFactory
0x00007FFA91C02DC7 (ntdll) TpReleaseCleanupGroupMembers
0x00007FFA910A7034 (KERNEL32) BaseThreadInitThunk
0x00007FFA91C02651 (ntdll) RtlUserThreadStart


Call Stack for Thread 18356:
0x00007FFA91C4CEA4 (ntdll) NtWaitForSingleObject
0x00007FFA8F91168E (KERNELBASE) WaitForSingleObjectEx
0x00007FFA4955E624 (UnityPlayer) UnityMain
0x00007FFA492509C5 (UnityPlayer) PAL_Thread_SupportsThreads
0x00007FFA4925A1CB (UnityPlayer) PAL_Thread_SupportsThreads
0x00007FFA4925A2A8 (UnityPlayer) PAL_Thread_SupportsThreads
0x00007FFA4955D5C8 (UnityPlayer) UnityMain
0x00007FFA910A7034 (KERNEL32) BaseThreadInitThunk
0x00007FFA91C02651 (ntdll) RtlUserThreadStart


Call Stack for Thread 14800:
0x00007FFA91C4CEA4 (ntdll) NtWaitForSingleObject
0x00007FFA8F91168E (KERNELBASE) WaitForSingleObjectEx
0x00007FFA49C59DAA (UnityPlayer) PAL_Timer_WaitForAtLeast
0x00007FFA49C59CFE (UnityPlayer) PAL_Timer_WaitForAtLeast
0x00007FFA49BEFEC6 (UnityPlayer) PAL_Timer_WaitForAtLeast
0x00007FFA4A03E634 (UnityPlayer) InitializeNvCloth
0x00007FFA910A7034 (KERNEL32) BaseThreadInitThunk
0x00007FFA91C02651 (ntdll) RtlUserThreadStart


Call Stack for Thread 15164:
0x00007FFA91C4CEA4 (ntdll) NtWaitForSingleObject
0x00007FFA8F91168E (KERNELBASE) WaitForSingleObjectEx
0x00007FFA49C3C335 (UnityPlayer) PAL_Timer_WaitForAtLeast
0x00007FFA49BEED0A (UnityPlayer) PAL_Timer_WaitForAtLeast
0x00007FFA49BEFE91 (UnityPlayer) PAL_Timer_WaitForAtLeast
0x00007FFA4A03E634 (UnityPlayer) InitializeNvCloth
0x00007FFA910A7034 (KERNEL32) BaseThreadInitThunk
0x00007FFA91C02651 (ntdll) RtlUserThreadStart


Call Stack for Thread 17812:
0x00007FFA91C4D4A4 (ntdll) NtDelayExecution
0x00007FFA8F9390AE (KERNELBASE) SleepEx
0x00007FFA49BEEEBA (UnityPlayer) PAL_Timer_WaitForAtLeast
0x00007FFA49BEFEF4 (UnityPlayer) PAL_Timer_WaitForAtLeast
0x00007FFA4A03E634 (UnityPlayer) InitializeNvCloth
0x00007FFA910A7034 (KERNEL32) BaseThreadInitThunk
0x00007FFA91C02651 (ntdll) RtlUserThreadStart


Call Stack for Thread 18116:
0x00007FFA91C4CEA4 (ntdll) NtWaitForSingleObject
0x00007FFA8F91168E (KERNELBASE) WaitForSingleObjectEx
0x00007FFA494DF615 (UnityPlayer) UnityMain
0x00007FFA494DF7A9 (UnityPlayer) UnityMain
0x00007FFA4955D5C8 (UnityPlayer) UnityMain
0x00007FFA910A7034 (KERNEL32) BaseThreadInitThunk
0x00007FFA91C02651 (ntdll) RtlUserThreadStart


Call Stack for Thread 8196:
0x00007FFA91C4CEA4 (ntdll) NtWaitForSingleObject
0x00007FFA8F91168E (KERNELBASE) WaitForSingleObjectEx
0x00007FFA54AC31F6 (nvwgf2umx) NVDEV_Thunk
0x00007FFA55750F3C (nvwgf2umx) OpenAdapter12
0x00007FFA910A7034 (KERNEL32) BaseThreadInitThunk
0x00007FFA91C02651 (ntdll) RtlUserThreadStart


Call Stack for Thread 14464:
0x00007FFA91C4CEA4 (ntdll) NtWaitForSingleObject
0x00007FFA8F91168E (KERNELBASE) WaitForSingleObjectEx
0x00007FFA54AC31F6 (nvwgf2umx) NVDEV_Thunk
0x00007FFA55750F3C (nvwgf2umx) OpenAdapter12
0x00007FFA910A7034 (KERNEL32) BaseThreadInitThunk
0x00007FFA91C02651 (ntdll) RtlUserThreadStart


Call Stack for Thread 16768:
0x00007FFA91C4CEA4 (ntdll) NtWaitForSingleObject
0x00007FFA8F91168E (KERNELBASE) WaitForSingleObjectEx
0x00007FFA54AC31F6 (nvwgf2umx) NVDEV_Thunk
0x00007FFA55750F3C (nvwgf2umx) OpenAdapter12
0x00007FFA910A7034 (KERNEL32) BaseThreadInitThunk
0x00007FFA91C02651 (ntdll) RtlUserThreadStart


Call Stack for Thread 21364:
0x00007FFA91C4CEA4 (ntdll) NtWaitForSingleObject
0x00007FFA8F91168E (KERNELBASE) WaitForSingleObjectEx
0x00007FFA54AC31F6 (nvwgf2umx) NVDEV_Thunk
0x00007FFA55750F3C (nvwgf2umx) OpenAdapter12
0x00007FFA910A7034 (KERNEL32) BaseThreadInitThunk
0x00007FFA91C02651 (ntdll) RtlUserThreadStart


Call Stack for Thread 20948:
0x00007FFA91C4CEA4 (ntdll) NtWaitForSingleObject
0x00007FFA8F91168E (KERNELBASE) WaitForSingleObjectEx
0x00007FFA54AC31F6 (nvwgf2umx) NVDEV_Thunk
0x00007FFA55750F3C (nvwgf2umx) OpenAdapter12
0x00007FFA910A7034 (KERNEL32) BaseThreadInitThunk
0x00007FFA91C02651 (ntdll) RtlUserThreadStart


Call Stack for Thread 15196:
0x00007FFA91C4CEA4 (ntdll) NtWaitForSingleObject
0x00007FFA8F91168E (KERNELBASE) WaitForSingleObjectEx
0x00007FFA54AC31F6 (nvwgf2umx) NVDEV_Thunk
0x00007FFA55750F3C (nvwgf2umx) OpenAdapter12
0x00007FFA910A7034 (KERNEL32) BaseThreadInitThunk
0x00007FFA91C02651 (ntdll) RtlUserThreadStart


Call Stack for Thread 18024:
0x00007FFA91C4D974 (ntdll) ZwWaitForMultipleObjects
0x00007FFA8F93C5A0 (KERNELBASE) WaitForMultipleObjectsEx
0x00007FFA8F93C49E (KERNELBASE) WaitForMultipleObjects
0x00007FFA547E6BD7 (nvwgf2umx) NVDEV_Thunk
0x00007FFA54A3AB3A (nvwgf2umx) NVDEV_Thunk
0x00007FFA55750F3C (nvwgf2umx) OpenAdapter12
0x00007FFA910A7034 (KERNEL32) BaseThreadInitThunk
0x00007FFA91C02651 (ntdll) RtlUserThreadStart


Call Stack for Thread 18584:
0x00007FFA91C4CEA4 (ntdll) NtWaitForSingleObject
0x00007FFA8F91168E (KERNELBASE) WaitForSingleObjectEx
0x00007FFA54AC31F6 (nvwgf2umx) NVDEV_Thunk
0x00007FFA55750F3C (nvwgf2umx) OpenAdapter12
0x00007FFA910A7034 (KERNEL32) BaseThreadInitThunk
0x00007FFA91C02651 (ntdll) RtlUserThreadStart


Call Stack for Thread 9916:
0x00007FFA91C4CEA4 (ntdll) NtWaitForSingleObject
0x00007FFA8F91168E (KERNELBASE) WaitForSingleObjectEx
0x00007FFA54AC31F6 (nvwgf2umx) NVDEV_Thunk
0x00007FFA55750F3C (nvwgf2umx) OpenAdapter12
0x00007FFA910A7034 (KERNEL32) BaseThreadInitThunk
0x00007FFA91C02651 (ntdll) RtlUserThreadStart


Call Stack for Thread 11900:
0x00007FFA91C4CEA4 (ntdll) NtWaitForSingleObject
0x00007FFA8F91168E (KERNELBASE) WaitForSingleObjectEx
0x00007FFA54AC31F6 (nvwgf2umx) NVDEV_Thunk
0x00007FFA55750F3C (nvwgf2umx) OpenAdapter12
0x00007FFA910A7034 (KERNEL32) BaseThreadInitThunk
0x00007FFA91C02651 (ntdll) RtlUserThreadStart


Call Stack for Thread 16144:
0x00007FFA91C4CEA4 (ntdll) NtWaitForSingleObject
0x00007FFA8F91168E (KERNELBASE) WaitForSingleObjectEx
0x00007FFA54AC31F6 (nvwgf2umx) NVDEV_Thunk
0x00007FFA55750F3C (nvwgf2umx) OpenAdapter12
0x00007FFA910A7034 (KERNEL32) BaseThreadInitThunk
0x00007FFA91C02651 (ntdll) RtlUserThreadStart


Call Stack for Thread 18284:
0x00007FFA91C4CEA4 (ntdll) NtWaitForSingleObject
0x00007FFA8F91168E (KERNELBASE) WaitForSingleObjectEx
0x00007FFA54AC31F6 (nvwgf2umx) NVDEV_Thunk
0x00007FFA55750F3C (nvwgf2umx) OpenAdapter12
0x00007FFA910A7034 (KERNEL32) BaseThreadInitThunk
0x00007FFA91C02651 (ntdll) RtlUserThreadStart


Call Stack for Thread 17424:
0x00007FFA91C4CEA4 (ntdll) NtWaitForSingleObject
0x00007FFA8F91168E (KERNELBASE) WaitForSingleObjectEx
0x00007FFA54AC31F6 (nvwgf2umx) NVDEV_Thunk
0x00007FFA55750F3C (nvwgf2umx) OpenAdapter12
0x00007FFA910A7034 (KERNEL32) BaseThreadInitThunk
0x00007FFA91C02651 (ntdll) RtlUserThreadStart


Call Stack for Thread 10084:
0x00007FFA91C4CEA4 (ntdll) NtWaitForSingleObject
0x00007FFA8F91168E (KERNELBASE) WaitForSingleObjectEx
0x00007FFA54AC31F6 (nvwgf2umx) NVDEV_Thunk
0x00007FFA55750F3C (nvwgf2umx) OpenAdapter12
0x00007FFA910A7034 (KERNEL32) BaseThreadInitThunk
0x00007FFA91C02651 (ntdll) RtlUserThreadStart


Call Stack for Thread 1012:
0x00007FFA91C50874 (ntdll) ZwWaitForWorkViaWorkerFactory
0x00007FFA91C02DC7 (ntdll) TpReleaseCleanupGroupMembers
0x00007FFA910A7034 (KERNEL32) BaseThreadInitThunk
0x00007FFA91C02651 (ntdll) RtlUserThreadStart


Call Stack for Thread 1696:
0x00007FFA91C4D4A4 (ntdll) NtDelayExecution
0x00007FFA8F9390AE (KERNELBASE) SleepEx
0x00007FFA49BEEEBA (UnityPlayer) PAL_Timer_WaitForAtLeast
0x00007FFA49BEFEF4 (UnityPlayer) PAL_Timer_WaitForAtLeast
0x00007FFA4A03E634 (UnityPlayer) InitializeNvCloth
0x00007FFA910A7034 (KERNEL32) BaseThreadInitThunk
0x00007FFA91C02651 (ntdll) RtlUserThreadStart


Call Stack for Thread 21112:
0x00007FFA91C4CEA4 (ntdll) NtWaitForSingleObject
0x00007FFA8F91168E (KERNELBASE) WaitForSingleObjectEx
0x00007FFA48615EAF (mono-2.0-bdwgc) mono_conc_hashtable_remove
0x00007FFA486C70C3 (mono-2.0-bdwgc) mono_threads_set_shutting_down
0x000001E0183884ED (mscorlib) System.Threading.WaitHandle.Wait_internal()
0x000001E01838832B (mscorlib) System.Threading.WaitHandle.WaitOneNative()
0x000001E0183881DB (mscorlib) System.Threading.WaitHandle.InternalWaitOne()
0x000001E01838815B (mscorlib) System.Threading.WaitHandle.WaitOne()
0x000001E01838808B (mscorlib) System.Threading.WaitHandle.WaitOne()
0x000001E070A3A32F (mscorlib) System.Threading.WaitHandle.WaitOne()
0x000001E070A37F7A (mscorlib) Scheduler.SchedulerThread()
0x000001E01835BAC6 (mscorlib) System.Threading.ThreadHelper.ThreadStart_Context()
0x000001E01835B736 (mscorlib) System.Threading.ExecutionContext.RunInternal()
0x000001E01835B42B (mscorlib) System.Threading.ExecutionContext.Run()
0x000001E01835B2BB (mscorlib) System.Threading.ExecutionContext.Run()
0x000001E01835B1D3 (mscorlib) System.Threading.ThreadHelper.ThreadStart()
0x000001E01835B12E (mscorlib) System.Object.runtime_invoke_void__this__()
0x00007FFA4871BFB0 (mono-2.0-bdwgc) mono_get_runtime_build_info
0x00007FFA486A2142 (mono-2.0-bdwgc) mono_perfcounters_init
0x00007FFA486AB312 (mono-2.0-bdwgc) mono_runtime_invoke_array
0x00007FFA486C5AEF (mono-2.0-bdwgc) mono_threads_set_shutting_down
0x00007FFA486C5836 (mono-2.0-bdwgc) mono_threads_set_shutting_down
0x00007FFA910A7034 (KERNEL32) BaseThreadInitThunk
0x00007FFA91C02651 (ntdll) RtlUserThreadStart


Call Stack for Thread 9372:
0x00007FFA91C4CEA4 (ntdll) NtWaitForSingleObject
ERROR: SymGetSymFromAddr64, GetLastError: 'Attempt to access invalid address.' (Address: 00007FFA8EAD80FC)
0x00007FFA8EAD80FC (mswsock) (function-name not available)
0x00007FFA8EADF4DE (mswsock) Tcpip4_WSHAddressToString
0x00007FFA908716F7 (WS2_32) select
0x00007FFA486096D0 (mono-2.0-bdwgc) mono_poll
0x00007FFA486CC3A5 (mono-2.0-bdwgc) mono_threads_set_shutting_down
0x00007FFA486CCE37 (mono-2.0-bdwgc) mono_threads_set_shutting_down
0x00007FFA486C5AA8 (mono-2.0-bdwgc) mono_threads_set_shutting_down
0x00007FFA486C5836 (mono-2.0-bdwgc) mono_threads_set_shutting_down
0x00007FFA910A7034 (KERNEL32) BaseThreadInitThunk
0x00007FFA91C02651 (ntdll) RtlUserThreadStart


Call Stack for Thread 20488:
0x00007FFA91C50814 (ntdll) ZwWaitForAlertByThreadId
0x00007FFA91C14295 (ntdll) RtlSleepConditionVariableCS
0x00007FFA8F95C849 (KERNELBASE) SleepConditionVariableCS
0x00007FFA4861114C (mono-2.0-bdwgc) mono_threads_attach_tools_thread
0x00007FFA486CA341 (mono-2.0-bdwgc) mono_threads_set_shutting_down
0x00007FFA486C5AA8 (mono-2.0-bdwgc) mono_threads_set_shutting_down
0x00007FFA486C5836 (mono-2.0-bdwgc) mono_threads_set_shutting_down
0x00007FFA910A7034 (KERNEL32) BaseThreadInitThunk
0x00007FFA91C02651 (ntdll) RtlUserThreadStart


Call Stack for Thread 16728:
0x00007FFA91C50814 (ntdll) ZwWaitForAlertByThreadId
0x00007FFA91C14295 (ntdll) RtlSleepConditionVariableCS
0x00007FFA8F95C849 (KERNELBASE) SleepConditionVariableCS
0x00007FFA486CB147 (mono-2.0-bdwgc) mono_threads_set_shutting_down
0x00007FFA486CB4F8 (mono-2.0-bdwgc) mono_threads_set_shutting_down
0x00007FFA486C5AA8 (mono-2.0-bdwgc) mono_threads_set_shutting_down
0x00007FFA486C5836 (mono-2.0-bdwgc) mono_threads_set_shutting_down
0x00007FFA910A7034 (KERNEL32) BaseThreadInitThunk
0x00007FFA91C02651 (ntdll) RtlUserThreadStart


Call Stack for Thread 13204:
0x00007FFA91C50814 (ntdll) ZwWaitForAlertByThreadId
0x00007FFA91C14295 (ntdll) RtlSleepConditionVariableCS
0x00007FFA8F95C849 (KERNELBASE) SleepConditionVariableCS
0x00007FFA486CB147 (mono-2.0-bdwgc) mono_threads_set_shutting_down
0x00007FFA486CB4F8 (mono-2.0-bdwgc) mono_threads_set_shutting_down
0x00007FFA486C5AA8 (mono-2.0-bdwgc) mono_threads_set_shutting_down
0x00007FFA486C5836 (mono-2.0-bdwgc) mono_threads_set_shutting_down
0x00007FFA910A7034 (KERNEL32) BaseThreadInitThunk
0x00007FFA91C02651 (ntdll) RtlUserThreadStart


Call Stack for Thread 19904:
0x00007FFA91C50814 (ntdll) ZwWaitForAlertByThreadId
0x00007FFA91C14295 (ntdll) RtlSleepConditionVariableCS
0x00007FFA8F95C849 (KERNELBASE) SleepConditionVariableCS
0x00007FFA486CB147 (mono-2.0-bdwgc) mono_threads_set_shutting_down
0x00007FFA486CB4F8 (mono-2.0-bdwgc) mono_threads_set_shutting_down
0x00007FFA486C5AA8 (mono-2.0-bdwgc) mono_threads_set_shutting_down
0x00007FFA486C5836 (mono-2.0-bdwgc) mono_threads_set_shutting_down
0x00007FFA910A7034 (KERNEL32) BaseThreadInitThunk
0x00007FFA91C02651 (ntdll) RtlUserThreadStart


Call Stack for Thread 16404:
0x00007FFA91C50814 (ntdll) ZwWaitForAlertByThreadId
0x00007FFA91C14295 (ntdll) RtlSleepConditionVariableCS
0x00007FFA8F95C849 (KERNELBASE) SleepConditionVariableCS
0x00007FFA486CB147 (mono-2.0-bdwgc) mono_threads_set_shutting_down
0x00007FFA486CB4F8 (mono-2.0-bdwgc) mono_threads_set_shutting_down
0x00007FFA486C5AA8 (mono-2.0-bdwgc) mono_threads_set_shutting_down
0x00007FFA486C5836 (mono-2.0-bdwgc) mono_threads_set_shutting_down
0x00007FFA910A7034 (KERNEL32) BaseThreadInitThunk
0x00007FFA91C02651 (ntdll) RtlUserThreadStart




Stack Memory [0x0000000337CED218-0x0000000337D00000]:
0x37ced218: 10fa5be9 000001e0 0000000e 00000000 .[..............
0x37ced228: 2cc0aea0 000001e1 37ced280 00000003 ...,.......7....
0x37ced238: 10fa5b23 000001e0 37ced280 00000003 #[.........7....
0x37ced248: 3af99180 000001e0 0000000f 00000000 ...:............
0x37ced258: 0000000f 00000000 0000000e 00000000 ................
0x37ced268: 4feacea0 000001e0 0000000b 00000000 ...O............
0x37ced278: 3a980420 000001e0 37cedb20 00000003  ..:.... ..7....
0x37ced288: 5c51d93b 000001e0 00000000 00000000 ;.Q\............
0x37ced298: 00000000 00000000 00000000 00000000 ................
0x37ced2a8: 00000000 00000000 37ced980 00000003 ...........7....
0x37ced2b8: 461c3c00 00000000 43959b00 000001e0 .<.F.......C....
0x37ced2c8: fbbdc940 000001e0 00000000 00000000 @...............
0x37ced2d8: ffffffff ffffffff 00000001 00000000 ................
0x37ced2e8: 00000006 00000000 00000000 00000000 ................
0x37ced2f8: 00000000 00000000 00000000 00000000 ................
0x37ced308: 00000000 00000000 00000000 00000000 ................
0x37ced318: 00000000 00000000 00000000 00000000 ................
0x37ced328: 2cc0ae60 000001e1 2cc0ae60 000001e1 `..,....`..,....
0x37ced338: 00000000 40c38780 2cc0ae60 000001e1 .......@`..,....
0x37ced348: 2cc0ae60 000001e1 2cc0ae60 000001e1 `..,....`..,....
0x37ced358: 2cc0ae60 000001e1 00000000 00000000 `..,............
0x37ced368: 47c07400 000001e1 4feab540 000001e0 .t.G....@..O....
0x37ced378: 00000000 00000000 00000000 00000000 ................
0x37ced388: 00000000 00000000 00000000 00000000 ................
0x37ced398: 00000000 00000000 00000000 00000000 ................
0x37ced3a8: 00000000 00000000 00000000 00000000 ................
0x37ced3b8: 00000000 00000000 00000000 00000000 ................
0x37ced3c8: 00000000 00000000 00000000 00000000 ................
0x37ced3d8: 00000000 00000000 00000000 00000000 ................
0x37ced3e8: 00000000 00000000 00000000 00000000 ................
0x37ced3f8: 00000000 00000000 00000000 00000000 ................
0x37ced408: 00000000 00000000 00000000 00000000 ................
0x37ced418: 00000000 00000000 00000000 00000000 ................
0x37ced428: 00000000 00000000 00000000 00000000 ................
0x37ced438: 00000000 00000000 00000000 00000000 ................
0x37ced448: 00000000 00000000 00000000 00000000 ................
0x37ced458: 00000000 00000000 47c07400 000001e1 .........t.G....
0x37ced468: 00000000 00000000 149c17a0 000001e1 ................
0x37ced478: 00000000 00000000 d6b4a450 000001e1 ........P.......
0x37ced488: 00000000 00000000 00000000 00000000 ................
0x37ced498: 00000000 00000000 23bee230 000001e1 ........0..#....
0x37ced4a8: 47c07400 000001e1 00000000 00000000 .t.G............
0x37ced4b8: 00000000 00000000 00000000 00000000 ................
0x37ced4c8: 00000000 00000000 00000000 00000000 ................
0x37ced4d8: 00000000 00000000 00000000 00000000 ................
0x37ced4e8: 00000000 00000000 00000000 00000000 ................
0x37ced4f8: 00000000 00000000 00000000 00000000 ................
0x37ced508: 00000000 00000000 00000000 00000000 ................
0x37ced518: 00000000 00000000 00000000 00000000 ................
0x37ced528: 00000000 00000000 00000000 00000000 ................
0x37ced538: 00000000 00000000 00000000 00000000 ................
0x37ced548: 00000000 00000000 1986e6a0 000001e1 ................
0x37ced558: 1986e6a0 000001e1 b85599c0 000001e0 ..........U.....
0x37ced568: b85599c0 000001e0 1986e6a0 000001e1 ..U.............
0x37ced578: 00000002 00000000 23b0dcc0 000001e1 ...........#....
0x37ced588: 00000044 00000000 23b0dcc0 000001e1 D..........#....
0x37ced598: 23b0dcc0 000001e1 00000001 00000000 ...#............
0x37ced5a8: 00000000 00000000 42448360 000001e1 ........`.DB....
0x37ced5b8: 23bee230 000001e1 00000000 00000000 0..#............
0x37ced5c8: 00000000 00000000 23bee230 000001e1 ........0..#....
0x37ced5d8: 00000000 00000000 00000000 00000000 ................
0x37ced5e8: 00000000 00000000 fbbdc940 000001e0 ........@.......
0x37ced5f8: 43959b00 000001e0 00000000 00000000 ...C............
0x37ced608: b85599c0 000001e0 1986e6a0 000001e1 ..U.............
0x37ced618: 00000002 00000000 000000be 00000000 ................
0x37ced628: 23b0dcc0 000001e1 fbbf8be0 000001e0 ...#............
0x37ced638: 00000000 00000000 00000000 00000000 ................
0x37ced648: 00000000 00000000 00000065 00000000 ........e.......
0x37ced658: 00000085 00020100 ff7fffff 47c34f80 .............O.G
0x37ced668: 00000083 00000000 00000076 00000000 ........v.......
0x37ced678: 00000000 00000000 00000000 00000000 ................
0x37ced688: 00000000 00000000 00000000 00000000 ................
0x37ced698: 00000000 00000000 00000000 00000000 ................
0x37ced6a8: 00000000 00000000 00000000 00000000 ................
0x37ced6b8: 00000000 00000000 00000000 00000000 ................
0x37ced6c8: 00000000 00000000 00000000 00000000 ................
0x37ced6d8: 00000000 00000000 00000000 00000000 ................
0x37ced6e8: 00000000 00000000 00000000 00000000 ................
0x37ced6f8: 00000000 00000000 00000000 00000000 ................
0x37ced708: 00000000 00000000 00000000 00000000 ................
0x37ced718: 00000000 00000000 00000000 00000000 ................
0x37ced728: 00000000 00000000 00000000 00000000 ................
0x37ced738: 00000000 00000000 00000000 00000000 ................
0x37ced748: 00000000 00000000 00000000 00000000 ................
0x37ced758: 00000000 00000000 00000000 00000000 ................
0x37ced768: 00000065 00000000 00000085 00000000 e...............
0x37ced778: 00000000 00000000 00000000 00000000 ................
0x37ced788: 47c07400 000001e1 00000200 00000000 .t.G............
0x37ced798: 00000000 00000000 00000000 00000000 ................
0x37ced7a8: 00000000 00000000 00000000 00000000 ................
0x37ced7b8: 00000065 00000000 00000085 00000000 e...............
0x37ced7c8: 00000000 00000000 00000000 00000000 ................
0x37ced7d8: 00000083 00000000 00000076 00000000 ........v.......
0x37ced7e8: 00000000 00000000 4066d16a 00002ea5 ........j.f@....
0x37ced7f8: e81e2c98 000001e1 443dff20 000001e0 .,...... .=D....
0x37ced808: 488f99ac 00007ffa 00000018 00000000 ...H............
0x37ced818: 00000018 00000000 3af99180 000001e0 ...........:....
0x37ced828: 032311d4 000001e0 e81e2c98 000001e1 ..#......,......
0x37ced838: 48705cdf 00007ffa 00000000 00000000 .\pH............
0x37ced848: e81e2c98 000001e1 06223e60 000001e0 .,......`>".....
0x37ced858: 37ced8a0 00000003 37ced830 00000003 ...7....0..7....
0x37ced868: 00000000 00000000 fffffc18 fffffc18 ................
0x37ced878: fffffc18 00000000 00000000 00000000 ................
0x37ced888: 4feacea0 000001e0 00000001 00000000 ...O............
0x37ced898: 3a980420 000001e0 06223e60 000001e0  ..:....`>".....
0x37ced8a8: 37ced8f0 00000003 37ced880 00000003 ...7.......7....
0x37ced8b8: 3af99180 000001e0 1717e340 000001e0 ...:....@.......
0x37ced8c8: 032311d4 000001e0 0000000e 00000000 ..#.............
0x37ced8d8: 4feacea0 000001e0 00000001 00000000 ...O............
0x37ced8e8: b5b445fb 000001e0 06223e60 000001e0 .E......`>".....
0x37ced8f8: b5b445fb 000001e0 37ced8d0 00000003 .E.........7....
0x37ced908: 3af99180 000001e0 00000000 00000000 ...:............
0x37ced918: 270e0ac0 000001e1 37ced970 00000003 ...'....p..7....
0x37ced928: 9b3f7f93 000001e0 47c07400 000001e1 ..?......t.G....
0x37ced938: eea896eb 000001e0 37ced980 00000003 ...........7....
0x37ced948: 0323114b 000001e0 23b68fc0 000001e1 K.#........#....
0x37ced958: 270e0ac0 000001e1 37ced9b0 00000003 ...'.......7....
0x37ced968: 270e0ac0 000001e1 00000065 00000000 ...'....e.......
0x37ced978: 00000085 000001e0 47c07400 000001e1 .........t.G....
0x37ced988: 00000200 00000000 00000000 00000000 ................
0x37ced998: 00000000 00000000 00000065 00000000 ........e.......
0x37ced9a8: 00000085 00000003 00000065 00000000 ........e.......
0x37ced9b8: 00000085 000001e0 0000000f 00000000 ................
0x37ced9c8: 032311d4 000001e0 00000083 00000000 ..#.............
0x37ced9d8: 00000076 000001e0 00000083 00000000 v...............
0x37ced9e8: 00000076 00000000 06223e60 000001e0 v.......`>".....
0x37ced9f8: 37ceda40 00000003 37ced9d0 00000003 @..7.......7....
0x37ceda08: 3af99180 000001e0 0000000f 00000000 ...:............
0x37ceda18: 0000000f 00000000 0000000e 00000000 ................
0x37ceda28: 4feacea0 000001e0 0000000b 00000000 ...O............
0x37ceda38: 3a980420 000001e0 42448360 000001e1  ..:....`.DB....
0x37ceda48: 0323114b 000001e0 37cedaf4 00000003 K.#........7....
0x37ceda58: 3a980420 000001e0 40000000 3fddf3c0  ..:.......@...?
0x37ceda68: 2cc0ae60 000001e1 2cc0ae60 000001e1 `..,....`..,....
0x37ceda78: 2cc0ae60 000001e1 2cc0ae60 000001e1 `..,....`..,....
0x37ceda88: 2cc0ae60 000001e1 00000042 00000000 `..,....B.......
0x37ceda98: 47c07400 000001e1 4feab940 000001e0 .t.G....@..O....
0x37cedaa8: 40000000 3fddf3c0 00000000 00000000 ...@...?........
0x37cedab8: 47c07400 000001e1 37cec160 00000003 .t.G....`..7....
0x37cedac8: 37cedc48 00000003 37ced280 00000003 H..7.......7....
0x37cedad8: 37cedc50 00000003 37cedc60 00000003 P..7....`..7....
0x37cedae8: 3af99180 000001e0 0000000f 00000000 ...:............
0x37cedaf8: 0000000f 00000000 0000000e 00000000 ................
0x37cedb08: 4feacea0 000001e0 0000000b 00000000 ...O............
0x37cedb18: 3a980420 000001e0 37cedda0 00000003  ..:.......7....
0x37cedb28: 5f199b0d 000001e1 3e66c6e0 000001e0 ..._......f>....
0x37cedb38: 24fd3c80 000001e1 a9c8c1ab 000001e1 .<.$............
0x37cedb48: 00000000 00000000 2fbd30a0 000001e1 .........0./....
0x37cedb58: 2fbd30a0 000001e1 2fbd30a0 000001e1 .0./.....0./....
0x37cedb68: 2fbd30a0 000001e1 2fbd30a0 000001e1 .0./.....0./....
0x37cedb78: 00000000 00000000 47c07400 000001e1 .........t.G....
0x37cedb88: 4feab980 000001e0 00000000 3fab448c ...O.........D.?
0x37cedb98: 00000000 00000000 37cedc30 00000003 ........0..7....
0x37cedba8: 37cedc30 00000003 4feab540 000001e0 0..7....@..O....
0x37cedbb8: 00000006 00007ffa 3a980420 000001e0 ........ ..:....
0x37cedbc8: 4fea40a0 000001e0 0000000c 00000000 .@.O............
0x37cedbd8: 3a980420 000001e0 0000000d 000001e0  ..:............
0x37cedbe8: 3a980420 000001e0 0000000d 000001e0  ..:............
0x37cedbf8: 3a980420 000001e0 00000000 00000000  ..:............
0x37cedc08: 424483f0 000001e1 00000000 00000000 ..DB............
0x37cedc18: 0000000d 000001e0 00000006 000001e0 ................
0x37cedc28: 37cedc70 40b00000 00000000 00000000 p..7...@........
0x37cedc38: 00000000 00000000 00000000 00000000 ................
0x37cedc48: 00000000 00000000 00000000 00000000 ................
0x37cedc58: 00000000 00000000 00000000 00000000 ................
0x37cedc68: 00000000 00000000 00000000 00000000 ................
0x37cedc78: 37cedcc0 00000003 37cedc50 00000003 ...7....P..7....
0x37cedc88: 3af99180 000001e0 00000000 000001e1 ...:............
0x37cedc98: 47c07400 000001e1 00000001 00000000 .t.G............
0x37cedca8: 3af99180 000001e0 424483f0 000001e1 ...:......DB....
0x37cedcb8: 4feab9c0 000001e0 2fbd30a0 000001e1 ...O.....0./....
0x37cedcc8: 2fbd30a0 000001e1 2fbd30a0 000001e1 .0./.....0./....
0x37cedcd8: 2fbd30a0 000001e1 00000000 00000000 .0./............
0x37cedce8: 47c07400 000001e1 2ba01770 000001e1 .t.G....p..+....
0x37cedcf8: 37cede80 00000003 37cedda0 00000003 ...7.......7....
0x37cedd08: 5f1812fb 000001e1 06223e60 000001e0 ..._....`>".....
0x37cedd18: 37cedd60 00000003 37cedcf0 00000003 `..7.......7....
0x37cedd28: 00000000 00000000 00000000 00000000 ................
0x37cedd38: 032311d4 000001e0 00000000 00000000 ..#.............
0x37cedd48: 37cede78 00000003 00000000 00000000 x..7............
0x37cedd58: 00000000 00000000 00000000 00000000 ................
0x37cedd68: 37cede90 00000003 2ba01770 000001e1 ...7....p..+....
0x37cedd78: 47c07400 000001e1 00000001 00000000 .t.G............
0x37cedd88: 3af99180 000001e0 2ba01770 000001e1 ...:....p..+....
0x37cedd98: 4feab9c0 000001e0 37cedf60 00000003 ...O....`..7....
0x37cedda8: 5f180ec5 000001e1 37ceddf0 00000003 ..._.......7....
0x37ceddb8: 0323114b 000001e0 3c4f4f30 000001e0 K.#.....0OO<....
0x37ceddc8: 426456c0 000001e0 00000000 00000000 .VdB............
0x37ceddd8: 032311d4 000001e0 3e66c6e0 000001e0 ..#.......f>....
0x37cedde8: 37cedf18 00000003 37cede90 00000003 ...7.......7....
0x37ceddf8: 00000000 000001e1 47c07400 000001e1 .........t.G....
0x37cede08: 4feab9c0 000001e0 37cedde0 00000003 ...O.......7....
0x37cede18: 00000000 00000000 2ba01770 000001e1 ........p..+....
0x37cede28: 032311d4 000001e0 4feab980 000001e0 ..#........O....
0x37cede38: 00000000 00000000 4feaced0 000001e0 ...........O....
0x37cede48: 00000000 00000000 00000000 000001e0 ................
0x37cede58: 00000001 00000003 00000000 00000000 ................
0x37cede68: 00000000 00000000 00000000 00000000 ................
0x37cede78: 00000000 00000000 00000000 00000000 ................
0x37cede88: 00000000 00000000 3e66c6e0 000001e0 ..........f>....
0x37cede98: 42645740 000001e0 37cedee0 00000003 @WdB.......7....
0x37cedea8: 0323114b 000001e0 1607b808 000001e0 K.#.............
0x37cedeb8: 486aeb20 00007ffa 00000000 00000000  .jH............
0x37cedec8: 032311d4 000001e0 3e66c6e0 000001e0 ..#.......f>....
0x37ceded8: 37cee090 00000003 37cedf80 00000003 ...7.......7....
0x37cedee8: 5f1812fb 000001e1 06223e60 000001e0 ..._....`>".....
0x37cedef8: 37cedf40 00000003 37ceded0 00000003 @..7.......7....
0x37cedf08: 032311d4 000001e0 2ba01770 000001e1 ..#.....p..+....
0x37cedf18: 47c07400 000001e1 b8533390 000001e0 .t.G.....3S.....
0x37cedf28: 00000000 00000000 06223e60 000001e0 ........`>".....
0x37cedf38: 37cedf80 00000003 37cedf10 00000003 ...7.......7....
0x37cedf48: 3af99180 000001e0 2ba01770 000001e1 ...:....p..+....
0x37cedf58: 37cedfc8 00000003 37cee020 00000003 ...7.... ..7....
0x37cedf68: 5f181dc3 000001e1 37cee070 00000003 ..._....p..7....
0x37cedf78: 00000000 00000000 06223e60 000001e0 ........`>".....
0x37cedf88: 37cedfd0 00000003 37cedf60 00000003 ...7....`..7....
0x37cedf98: 3af99180 000001e0 2ba01770 000001e1 ...:....p..+....
0x37cedfa8: 47c07400 000001e1 00000001 00000000 .t.G............
0x37cedfb8: 00000000 000001e1 47c07400 000001e1 .........t.G....
0x37cedfc8: 00000000 00000000 00000000 00000000 ................
0x37cedfd8: 00000000 00000000 47c00000 000001e1 ...........G....
0x37cedfe8: 42645740 000001e0 37ce0000 00000003 @WdB.......7....
0x37cedff8: 47c07400 000001e1 2ba01770 000001e1 .t.G....p..+....
0x37cee008: 37cee190 00000003 37cee090 00000003 ...7.......7....
0x37cee018: 4644c380 000001e0 37cee0b0 00000003 ..DF.......7....
0x37cee028: 5f181c4a 000001e1 00000001 00000003 J.._............
0x37cee038: 00000001 000001e0 00000000 00000000 ................
0x37cee048: 00000000 00000000 00000000 00000000 ................
0x37cee058: 37cee188 00000003 00000000 00000000 ...7............
0x37cee068: 37cee190 00000003 00000000 00000000 ...7............
0x37cee078: 00000000 000001e1 47c07400 000001e1 .........t.G....
0x37cee088: 3e66c5f0 000001e0 00000000 00000000 ..f>............
0x37cee098: 00000000 00000000 00000000 00000000 ................
0x37cee0a8: 37cee1a0 00000003 37cee270 00000003 ...7....p..7....
0x37cee0b8: 5f180ec5 000001e1 37cee1c0 00000003 ..._.......7....
0x37cee0c8: 00000000 00000000 06223e60 000001e0 ........`>".....
0x37cee0d8: 37cee120 00000003 37cee0b0 00000003  ..7.......7....
0x37cee0e8: 00000000 00000000 2ba01770 000001e1 ........p..+....
0x37cee0f8: 47c07400 000001e1 b8533390 000001e0 .t.G.....3S.....
0x37cee108: 00000000 00000003 47c07400 000001e1 .........t.G....
0x37cee118: 4644c380 000001e0 37cee160 00000003 ..DF....`..7....
0x37cee128: 0323114b 000001e0 4267a900 000001e0 K.#.......gB....
0x37cee138: 37cee280 00000003 3e66c5f0 000001e0 ...7......f>....
0x37cee148: 00000000 000001e0 3b8ff180 000001e0 ...........;....
0x37cee158: 00000000 00000000 00000000 00000003 ................
0x37cee168: 00000001 000001e1 00000000 00000000 ................
0x37cee178: 00000000 00000000 00000000 00000000 ................
0x37cee188: 00000000 00000000 00000000 00000000 ................
0x37cee198: 00000000 00000000 b8533390 000001e0 .........3S.....
0x37cee1a8: 00000001 00000000 06223e60 000001e0 ........`>".....
0x37cee1b8: 37cee200 00000003 37cee190 00000003 ...7.......7....
0x37cee1c8: 3af99180 000001e0 00000000 000001e1 ...:............
0x37cee1d8: 032311d4 000001e0 00000001 00000000 ..#.............
0x37cee1e8: 3af99180 000001e0 37cee2f0 00000003 ...:.......7....
0x37cee1f8: 00000000 00000000 06223e60 000001e0 ........`>".....
0x37cee208: 37cee250 00000003 37cee1e0 00000003 P..7.......7....
0x37cee218: 3af99180 000001e0 2ba01770 000001e1 ...:....p..+....
0x37cee228: 2fb2d720 000001e1 47c07400 000001e1  ../.....t.G....
0x37cee238: 5f183423 000001e1 2ba01770 000001e1 #4._....p..+....
0x37cee248: 00000002 00000000 37cee290 00000003 ...........7....
0x37cee258: 0323114b 000001e0 00000000 00000003 K.#.............
0x37cee268: 37cee2c8 00000003 37cee330 00000003 ...7....0..7....
0x37cee278: 5f18143b 000001e1 2ba01770 000001e1 ;.._....p..+....
0x37cee288: 37cee410 00000003 37cee330 00000003 ...7....0..7....
0x37cee298: 5f1812fb 000001e1 00000000 00000000 ..._............
0x37cee2a8: 00000000 00000000 00000000 00000000 ................
0x37cee2b8: 00000000 00000000 00000000 00000003 ................
0x37cee2c8: 00000000 00000000 00000000 00000000 ................
0x37cee2d8: 37cee408 00000003 00000000 00000000 ...7............
0x37cee2e8: 37cee410 00000003 00000000 00000000 ...7............
0x37cee2f8: 00000000 00000000 00000000 00000000 ................
0x37cee308: 2fb20000 000001e1 37cee420 00000003 .../.... ..7....
0x37cee318: 2ba01770 000001e1 2fb2d720 000001e1 p..+.... ../....
0x37cee328: 00000002 00000000 37cee4f0 00000003 ...........7....
0x37cee338: 5f180ec5 000001e1 37cee310 00000003 ..._.......7....
0x37cee348: 032311d4 000001e0 2ba01770 000001e1 ..#.....p..+....
0x37cee358: 2fb2d720 000001e1 00000001 00000000  ../............
0x37cee368: 3af99180 000001e0 06223e60 000001e0 ...:....`>".....
0x37cee378: 37cee3c0 00000003 37cee350 00000003 ...7....P..7....
0x37cee388: 00000000 000001e1 47c07400 000001e1 .........t.G....
0x37cee398: 46b64100 000001e0 00000000 00000000 .A.F............
0x37cee3a8: 00000000 00000000 37cee3f0 00000003 ...........7....
0x37cee3b8: 37cee3f0 00000003 4644c380 000001e0 ...7......DF....
0x37cee3c8: 00000011 00000003 3cb42d50 000001e0 ........P-.<....
0x37cee3d8: 00000000 00000000 00000011 000001e1 ................
0x37cee3e8: 0000001a 000001e1 00000000 00000000 ................
0x37cee3f8: 00000000 00000000 00000000 00000000 ................
0x37cee408: 00000000 00000000 00000000 00000000 ................
0x37cee418: 00000000 00000000 00000000 00000000 ................
0x37cee428: 00000000 00000000 00000000 00000000 ................
0x37cee438: 2fb2d720 000001e1 2ba01770 000001e1  ../....p..+....
0x37cee448: 37cee580 00000003 00000000 00000003 ...7............
0x37cee458: 5f1812fb 000001e1 37cee680 00000003 ..._.......7....
0x37cee468: 00000000 000001e0 06223e60 000001e0 ........`>".....
0x37cee478: 37cee4c0 00000003 00000000 00000000 ...7............
0x37cee488: 032311d4 000001e0 00000000 00000000 ..#.............
0x37cee498: 37cee578 00000003 00000000 00000000 x..7............
0x37cee4a8: 37cee580 00000003 00000000 00000000 ...7............
0x37cee4b8: 00000000 00000000 00000000 00000000 ................
0x37cee4c8: 00000000 00000000 00000000 00000000 ................
0x37cee4d8: 00000000 00000000 00000000 00000000 ................
0x37cee4e8: 37cee578 00000003 37cee680 00000003 x..7.......7....
0x37cee4f8: 5c578cc7 000001e0 37cee540 00000003 ..W\....@..7....
0x37cee508: 0323114b 000001e0 37cee4e0 00000003 K.#........7....
0x37cee518: 00000001 00000000 540a0170 000001e1 ........p..T....
0x37cee528: 2fb2d720 000001e1 540a0170 000001e1  ../....p..T....
0x37cee538: 35b88258 000001e0 37cee6e0 00000003 X..5.......7....
0x37cee548: 2ba01770 000001e1 37cee590 00000003 p..+.......7....
0x37cee558: 00000000 00000000 00000000 00000000 ................
0x37cee568: 00000000 00000000 00000000 00000000 ................
0x37cee578: 00000000 00000000 00000000 00000000 ................
0x37cee588: 00000000 00000000 00000000 00000000 ................
0x37cee598: 00000000 00000000 00000000 00000000 ................
0x37cee5a8: 00000000 00000000 00000000 00000000 ................
0x37cee5b8: 00000000 00000000 00000000 00000000 ................
0x37cee5c8: 540a0188 000001e1 00000000 00000000 ...T............
0x37cee5d8: 540a0170 000001e1 00000000 000001e1 p..T............
0x37cee5e8: 37cee688 00000003 47c07400 000001e1 ...7.....t.G....
0x37cee5f8: 00000002 00000000 37cee650 00000003 ........P..7....
0x37cee608: b5b445fb 000001e0 fffffc18 fffffc18 .E..............
0x37cee618: fffffc18 00000000 00000000 00000000 ................
0x37cee628: 42708a20 000001e0 00000000 00000000  .pB............
0x37cee638: 2ba01770 000001e1 37cee680 00000003 p..+.......7....
0x37cee648: 5f18061b 000001e1 37cee6a0 00000003 ..._.......7....
0x37cee658: 5ac6e3db 000001e1 540a0170 000001e1 ...Z....p..T....
0x37cee668: 2ba01770 000001e1 2ba01770 000001e1 p..+....p..+....
0x37cee678: 37cee6e8 00000003 37cee740 00000003 ...7....@..7....
0x37cee688: 5f1807a3 000001e1 30368db0 000001e0 ..._......60....
0x37cee698: 00000002 00000000 37cee740 00000003 ........@..7....
0x37cee6a8: 60ea197b 000001e1 00000001 00000000 {..`............
0x37cee6b8: 00000002 00000000 37cee700 00000003 ...........7....
0x37cee6c8: 00000001 00000000 00000000 00000000 ................
0x37cee6d8: 00000000 00000000 00000000 00000000 ................
0x37cee6e8: 00000000 00000000 00000000 00000000 ................
0x37cee6f8: 00000000 00000000 00000012 00000000 ................
0x37cee708: 3af99180 000001e0 2ba01770 000001e1 ...:....p..+....
0x37cee718: 2fb2d720 000001e1 2ba01770 000001e1  ../....p..+....
0x37cee728: 2fb2d720 000001e1 3af99180 000001e0  ../.......:....
0x37cee738: 2ba01770 000001e1 37cee820 00000003 p..+.... ..7....
0x37cee748: 2523e91b 000001e0 2fb2d720 000001e1 ..#%.... ../....
0x37cee758: 0a1a4a35 00000000 c284a7e8 000001e1 5J..............
0x37cee768: b5fa6493 000001e0 00000001 00000000 .d..............
0x37cee778: 00000017 00000000 37cee800 00000003 ...........7....
0x37cee788: 9b3fb9ab 000001e0 06223e60 000001e0 ..?.....`>".....
0x37cee798: 0000290a 00000000 37cee7e0 00000003 .).........7....
0x37cee7a8: b5fa6443 000001e0 00000001 00000000 Cd..............
0x37cee7b8: 00000001 00000000 30368db0 000001e0 ..........60....
0x37cee7c8: 00000000 00000000 013b0000 00000000 ..........;.....
0x37cee7d8: 47c07400 000001e1 37cee820 00000003 .t.G.... ..7....
0x37cee7e8: 00000001 00000000 2ba01770 000001e1 ........p..+....
0x37cee7f8: 2fb2d720 000001e1 30368db0 000001e0  ../......60....
0x37cee808: 00000000 00000000 37cef560 00000003 ........`..7....
0x37cee818: 00000000 00000000 37cee910 00000003 ...........7....
0x37cee828: 5f180393 000001e1 37cee870 00000003 ..._....p..7....
0x37cee838: 3018c0a0 000001e1 d5aafda0 000001e1 ...0............
0x37cee848: 47c07400 000001e1 47c07400 000001e1 .t.G.....t.G....
0x37cee858: 37cef560 00000003 37cee8c0 00000003 `..7.......7....
0x37cee868: 5f17ef3b 000001e1 00000000 00000000 ;.._............
0x37cee878: 00000000 00000000 05c50fe0 000001e0 ................
0x37cee888: 00000000 00000000 00000000 00000000 ................
0x37cee898: 00000000 00000000 47c07400 000001e1 .........t.G....
0x37cee8a8: 2fb2d720 000001e1 30368db0 000001e0  ../......60....
0x37cee8b8: 00000000 00000000 37cef560 00000003 ........`..7....
0x37cee8c8: 00000000 00000000 37cee910 00000003 ...........7....
0x37cee8d8: b5b445fb 000001e0 47c07400 000001e1 .E.......t.G....
0x37cee8e8: 2fb2d720 000001e1 30368db0 000001e0  ../......60....
0x37cee8f8: 00000000 00000000 00000000 00000000 ................
0x37cee908: 47c07400 000001e1 37cee950 00000003 .t.G....P..7....
0x37cee918: 25399097 000001e0 00000024 00000000 ..9%....$.......
0x37cee928: 48df437b 00007ffa 00000001 00000000 {C.H............
0x37cee938: 30368e00 000001e0 00000000 000001e0 ..60............
0x37cee948: 30368e70 000001e0 37ceec00 00000003 p.60.......7....
0x37cee958: 1df141f0 000001e0 000000c9 00000000 .A..............
0x37cee968: 49500760 00007ffa 0000010a 00000000 `.PI............
0x37cee978: 65228fd0 000001e1 65228fd0 000001e1 .."e......"e....
0x37cee988: 013b5f2a 00000000 30368e70 000001e0 *_;.....p.60....
0x37cee998: d4222dc0 000001e0 37ceea80 00000003 .-"........7....
0x37cee9a8: 4965bcb5 00007ffa 00000000 00000000 ..eI............
0x37cee9b8: 37cef560 00000003 000000c9 00000000 `..7............
0x37cee9c8: 0323114b 000001e0 47c07400 000001e1 K.#......t.G....
0x37cee9d8: 0000000c 000001e0 30368d50 000001e0 ........P.60....
0x37cee9e8: 00000000 00000000 47c07400 000001e1 .........t.G....
0x37cee9f8: 0000000c 000001e0 30368d50 000001e0 ........P.60....
0x37ceea08: 00000135 00000003 30368d50 000001e0 5.......P.60....
0x37ceea18: 2ef2dd60 000001e0 30368db0 000001e0 `.........60....
0x37ceea28: 30368d50 000001e0 00000001 000001e0 P.60............
0x37ceea38: 00000000 00000000 00000000 00000000 ................
0x37ceea48: 37cef501 00000003 0000000c 000001e1 ...7............
0x37ceea58: 279cd750 000001e0 30368d50 000001e0 P..'....P.60....
0x37ceea68: 000001ba 00000000 37cef560 00000003 ........`..7....
0x37ceea78: 000001ba 00000000 37ceead0 00000003 ...........7....
0x37ceea88: 5f17597b 000001e1 012195d0 000001e1 {Y._......!.....
0x37ceea98: 17914ba0 000001e0 37ceead0 00000003 .K.........7....
0x37ceeaa8: 5c5fcfe3 000001e0 00000000 00000000 .._\............
0x37ceeab8: 00000000 00000000 000000c9 00000000 ................
0x37ceeac8: 2ef2dd60 000001e0 37ceeb80 00000003 `..........7....
0x37ceead8: 5f175393 000001e1 37ceeb40 00000003 .S._....@..7....
0x37ceeae8: 1c21eeab 000001e1 0000000a 000001e1 ..!.............
0x37ceeaf8: 2fbef540 000001e1 80000000 3fc7f13d @../........=..?
0x37ceeb08: 0000000a 00000000 00000000 00000000 ................
0x37ceeb18: 00000000 00000000 00000000 00000000 ................
0x37ceeb28: 00000000 00000000 37cef560 00000003 ........`..7....
0x37ceeb38: 5a16bef5 000001e1 37cef560 00000003 ...Z....`..7....
0x37ceeb48: 37ceebc0 00000003 000000e6 00000000 ...7............
0x37ceeb58: 0623b0d0 000001e0 2fb2d720 000001e1 ..#..... ../....
0x37ceeb68: 48a832c1 000001e1 06223e60 000001e0 .2.H....`>".....
0x37ceeb78: 37ceebc0 00000003 37ceeb40 00000003 ...7....@..7....
0x37ceeb88: 37cef560 00000003 00000001 00000000 `..7............
0x37ceeb98: 2fb2d720 000001e1 37cef480 00000003  ../.......7....
0x37ceeba8: c5239ef0 000001e1 37cef560 00000003 ..#.....`..7....
0x37ceebb8: 00000000 00000000 37ceec00 00000003 ...........7....
0x37ceebc8: 37cef560 00000003 00000001 00000000 `..7............
0x37ceebd8: 2fb2d720 000001e1 37cef480 00000003  ../.......7....
0x37ceebe8: c5239ef0 000001e1 37cef560 00000003 ..#.....`..7....
0x37ceebf8: 00000000 00000000 37ceeee0 00000003 ...........7....
0x37ceec08: 5f1734b3 000001e1 37ceec40 00000003 .4._....@..7....
0x37ceec18: 5c5fcfe3 000001e0 00000000 00000000 .._\............
0x37ceec28: 00000001 00000000 911d9620 000001e1 ........ .......
0x37ceec38: 4955f023 00007ffa 37ceec70 00000003 #.UI....p..7....
0x37ceec48: 5c627dfb 000001e0 37ceecf0 00000003 .}b\.......7....
0x37ceec58: 5c64826b 000001e0 e0262000 000001e1 k.d\..... &.....
0x37ceec68: 49677be9 00007ffa 000025a4 00000000 .{gI.....%......
0x37ceec78: 5c627d5b 000001e0 00000000 00000000 [}b\............
0x37ceec88: 47c07800 000001e1 4a157c38 00007ffa .x.G....8|.J....
0x37ceec98: 167e6774 000001e0 000025a4 00000000 tg~......%......
0x37ceeca8: 49c5505a 00007ffa 00000000 00000000 ZP.I............
0x37ceecb8: 49677be9 00007ffa 06223e60 000001e0 .{gI....`>".....
0x37ceecc8: 37ceed10 00000003 37ceeca0 00000003 ...7.......7....
0x37ceecd8: 37cef560 00000003 37ceee7c 00000003 `..7....|..7....
0x37ceece8: 167e6774 000001e0 37cef480 00000003 tg~........7....
0x37ceecf8: c5239ef0 000001e1 37cef560 00000003 ..#.....`..7....
0x37ceed08: 00000000 00000003 2fb2d720 000001e1 ........ ../....
0x37ceed18: 37ceed60 00000003 37ceecf0 00000003 `..7.......7....
0x37ceed28: 37cef560 00000003 37ceeecc 00000003 `..7.......7....
0x37ceed38: 4b4f3bd0 000001e0 37cef480 00000003 .;OK.......7....
0x37ceed48: c5239ef0 000001e1 37cef560 00000003 ..#.....`..7....
0x37ceed58: 37cef2f0 00000003 37ceee30 00000003 ...7....0..7....
0x37ceed68: 5a15bf2b 000001e1 00000000 00000003 +..Z............
0x37ceed78: 5c5fdfeb 000001e0 37ceedb0 48a832c1 .._\.......7.2.H
0x37ceed88: 5c5fcfe3 000001e0 00000000 00000000 .._\............
0x37ceed98: 00000000 00000000 37ceee18 00000003 ...........7....
0x37ceeda8: 596938cb 000001e1 37ceede0 00000003 .8iY.......7....
0x37ceedb8: 00000000 00000000 00000000 000000a2 ................
0x37ceedc8: 5c64826b 000001e0 00000033 00000000 k.d\....3.......
0x37ceedd8: 37ceee7c 00000003 37ceee40 00000003 |..7....@..7....
0x37ceede8: 5ac2420b 000001e1 00000000 00000000 .B.Z............
0x37ceedf8: 48608af6 00007ffa 37cef560 00000003 ..`H....`..7....
0x37ceee08: 0000005d 0000008f 00000086 000000a2 ]...............
0x37ceee18: 0000005d 0000008f 00000033 00000000 ].......3.......
0x37ceee28: 1835d864 000001e0 993da31d 00000182 d.5.......=.....
0x37ceee38: 5ac2420b 000001e1 3bc284bc 00000003 .B.Z.......;....
0x37ceee48: 80000000 3f785097 06223e60 000001e0 .....Px?`>".....
0x37ceee58: 37ceeea0 00000003 37ceee30 00000003 ...7....0..7....
0x37ceee68: 37cef560 00000003 2f6c2c60 000001e0 `..7....`,l/....
0x37ceee78: 00000000 00000000 37cef480 00000003 ...........7....
0x37ceee88: c5239ef0 000001e1 37cef560 00000003 ..#.....`..7....
0x37ceee98: 37cef2f0 00000003 37ceeee0 00000003 ...7.......7....
0x37ceeea8: 1835d7cb 000001e0 911d9620 000001e1 ..5..... .......
0x37ceeeb8: 32fd2300 000001e0 00000000 3ff00000 .#.2...........?
0x37ceeec8: 911d9620 000001e1 00000000 00000000  ...............
0x37ceeed8: 37cef2f0 00000003 37ceef30 00000003 ...7....0..7....
0x37ceeee8: 5a165d23 000001e1 37cef480 00000003 #].Z.......7....
0x37ceeef8: c5239ef0 000001e1 00000000 00000000 ..#.............
0x37ceef08: 00000000 00000000 00000000 bf8de1dd ................
0x37ceef18: 3f800000 3c888889 d0868800 000001e0 ...?...<........
0x37ceef28: 32fd2300 000001e0 37ceef80 00000003 .#.2.......7....
0x37ceef38: 5a1659cb 000001e1 00000000 00000000 .Y.Z............
0x37ceef48: 00000000 00000000 00000000 00000000 ................
0x37ceef58: 32fd2300 000001e0 32fd2300 000001e0 .#.2.....#.2....
0x37ceef68: 32fd2300 000001e0 37cef560 00000003 .#.2....`..7....
0x37ceef78: 37cef2f0 00000003 37ceeff0 00000003 ...7.......7....
0x37ceef88: 8fe51873 000001e0 00000001 00000000 s...............
0x37ceef98: 181b3c00 000001e0 00000000 00000000 .<..............
0x37ceefa8: 00000000 00000000 37ceef40 00000003 ........@..7....
0x37ceefb8: 00000000 00000000 37ceef40 00000003 ........@..7....
0x37ceefc8: 42ed6666 4186c1f4 43144ccd 000001e0 ff.B...A.L.C....
0x37ceefd8: 4860f640 00007ffa 4b4f3bd0 000001e0 @.`H.....;OK....
0x37ceefe8: 8fe517e0 000001e0 37cef080 00000003 ...........7....
0x37ceeff8: 0323db30 000001e0 00000000 00000000 0.#.............
0x37cef008: 4860bed9 00007ffa 032e8d08 000001e0 ..`H............
0x37cef018: 4860f640 00007ffa 37cef240 00000003 @.`H....@..7....
0x37cef028: 37cef560 00000003 00000000 00000000 `..7............
0x37cef038: 00000000 00000000 00000000 00000000 ................
0x37cef048: 00000000 00000000 00000000 00000000 ................
0x37cef058: 0ed90230 000001e0 37cef2f0 00000003 0..........7....
0x37cef068: 0ed90230 000001e0 00000000 00000000 0...............
0x37cef078: 37cef2f0 00000003 37cef0c0 00000003 ...7.......7....
0x37cef088: 4871bfb0 00007ffa 873e6de1 00000000 ..qH.....m>.....
0x37cef098: 37cef2f0 00000003 00000000 00000003 ...7............
0x37cef0a8: 0ed90230 000001e0 15b72238 000001e0 0.......8"......
0x37cef0b8: 00000000 00000000 00000000 00000003 ................
0x37cef0c8: 020a5670 000001e0 32fd2300 000001e0 pV.......#.2....
0x37cef0d8: 37cef480 00000003 c5239ef0 000001e1 ...7......#.....
0x37cef0e8: 05c42d20 000001e0 00000000 00000000  -..............
0x37cef0f8: 0eb9aa20 000001e0 37cef2f0 00000003  ..........7....
0x37cef108: 37cef560 00000003 00000000 00000000 `..7............
0x37cef118: 37cef500 00000003 0efd9fc0 000001e0 ...7............
0x37cef128: 05c42d20 000001e0 00000000 00000000  -..............
0x37cef138: 0eb9aa20 000001e0 37cef330 00000003  .......0..7....
0x37cef148: 37cef620 00000003 00000000 00000000  ..7............
0x37cef158: 020a5670 000001e0 00000000 00000000 pV..............
0x37cef168: 37cef540 00000003 0efda510 000001e0 @..7............
0x37cef178: 05c42d20 000001e0 00000000 00000000  -..............
0x37cef188: 00000000 00000000 37cef380 00000003 ...........7....
0x37cef198: 37cef628 00000003 00000000 00000000 (..7............
0x37cef1a8: 00000000 00000000 4a3eb380 00007ffa ..........>J....
0x37cef1b8: 00000050 00000000 00000010 00000000 P...............
0x37cef1c8: 49044e95 00007ffa 04bc8840 000001e0 .N.I....@.......
0x37cef1d8: 04bc8ae0 000001e0 0406bb90 000001e0 ................
0x37cef1e8: 0000000d 00000000 04b9d630 000001e0 ........0.......
0x37cef1f8: 00000000 00000000 e7682ec8 000001e1 ..........h.....
0x37cef208: 49248416 00007ffa 4066ee6a 00002ea5 ..$I....j.f@....

Module 1
C:\WINDOWS\SYSTEM32\xinput1_3.dll
Image Base: 0x00400000  Image Size: 0x0001e000
File Size:  107368      File Time:  2007-04-04_195422
Version:
   Company:    Microsoft Corporation
   Product:    Microsoft® DirectX for Windows®
   FileDesc:   Microsoft Common Controller API
   FileVer:    9.18.944.0
   ProdVer:    9.18.944.0

Crash Report configuration:
 * App Name: RimWorld by Ludeon Studios
 * App Version: Unity 2019.2.17f1_8e603399ca02
 * Mono DLL: D:\SteamLibrary\steamapps\common\RimWorld\MonoBleedingEdge\EmbedRuntime\mono-2.0-bdwgc.dll
 * Bug Reporter App Path: 
 * Crash Report Path: C:\Users\rjqui\AppData\Local\Temp\Ludeon Studios\RimWorld by Ludeon Studios\Crashes
 * Is Editor: false

Crash Report metadata:

Additional report files:
 * "C:\Users\rjqui\AppData\LocalLow\Ludeon Studios\RimWorld by Ludeon Studios\Player.log" (Output log file)



== [end of error.log] ==
